[debug] [2020-10-25T11:12:10.370Z] ----------------------------------------------------------------------
[debug] [2020-10-25T11:12:10.372Z] Command:       C:\Program Files\nodejs\node.exe C:\Users\Nursultan\AppData\Roaming\npm\node_modules\firebase-tools\lib\bin\firebase.js deploy
[debug] [2020-10-25T11:12:10.373Z] CLI Version:   8.7.0
[debug] [2020-10-25T11:12:10.373Z] Platform:      win32
[debug] [2020-10-25T11:12:10.373Z] Node Version:  v12.18.1
[debug] [2020-10-25T11:12:10.375Z] Time:          Sun Oct 25 2020 17:12:10 GMT+0600 (GMT+06:00)
[debug] [2020-10-25T11:12:10.376Z] ----------------------------------------------------------------------
[debug] [2020-10-25T11:12:10.376Z] 
[debug] [2020-10-25T11:12:10.387Z] > command requires scopes: ["email","openid","https://www.googleapis.com/auth/cloudplatformprojects.readonly","https://www.googleapis.com/auth/firebase","https://www.googleapis.com/auth/cloud-platform"]
[debug] [2020-10-25T11:12:10.388Z] > authorizing via signed-in user
[debug] [2020-10-25T11:12:10.388Z] [iam] checking project morning-442c1 for permissions ["firebase.projects.get","firebasehosting.sites.update"]
[debug] [2020-10-25T11:12:10.394Z] >>> HTTP REQUEST POST https://cloudresourcemanager.googleapis.com/v1/projects/morning-442c1:testIamPermissions  
 {"permissions":["firebase.projects.get","firebasehosting.sites.update"]}
[debug] [2020-10-25T11:12:11.651Z] <<< HTTP RESPONSE 200 {"content-type":"application/json; charset=UTF-8","vary":"X-Origin, Referer, Origin,Accept-Encoding","date":"Sun, 25 Oct 2020 11:12:10 GMT","server":"ESF","cache-control":"private","x-xss-protection":"0","x-frame-options":"SAMEORIGIN","x-content-type-options":"nosniff","server-timing":"gfet4t7; dur=840","alt-svc":"h3-Q050=\":443\"; ma=2592000,h3-29=\":443\"; ma=2592000,h3-T051=\":443\"; ma=2592000,h3-T050=\":443\"; ma=2592000,h3-Q046=\":443\"; ma=2592000,h3-Q043=\":443\"; ma=2592000,quic=\":443\"; ma=2592000; v=\"46,43\"","accept-ranges":"none","transfer-encoding":"chunked"}
[debug] [2020-10-25T11:12:11.656Z] [iam] error while checking permissions, command may fail: FirebaseError: Authorization failed. This account is missing the following required permissions on project morning-442c1:

  firebase.projects.get
  firebasehosting.sites.update
[debug] [2020-10-25T11:12:11.660Z] >>> HTTP REQUEST GET https://firebase.googleapis.com/v1beta1/projects/morning-442c1  
 
[debug] [2020-10-25T11:12:12.587Z] <<< HTTP RESPONSE 403 {"vary":"X-Origin, Referer, Origin,Accept-Encoding","content-type":"application/json; charset=UTF-8","date":"Sun, 25 Oct 2020 11:12:11 GMT","server":"ESF","cache-control":"private","x-xss-protection":"0","x-frame-options":"SAMEORIGIN","x-content-type-options":"nosniff","alt-svc":"h3-Q050=\":443\"; ma=2592000,h3-29=\":443\"; ma=2592000,h3-T051=\":443\"; ma=2592000,h3-T050=\":443\"; ma=2592000,h3-Q046=\":443\"; ma=2592000,h3-Q043=\":443\"; ma=2592000,quic=\":443\"; ma=2592000; v=\"46,43\"","accept-ranges":"none","transfer-encoding":"chunked"}
[debug] [2020-10-25T11:12:12.587Z] <<< HTTP RESPONSE BODY {"error":{"code":403,"message":"The caller does not have permission","status":"PERMISSION_DENIED"}}
[debug] [2020-10-25T11:12:12.592Z] HTTP Error: 403, The caller does not have permission
[debug] [2020-10-25T11:12:12.952Z] FirebaseError: HTTP Error: 403, The caller does not have permission
    at module.exports (C:\Users\Nursultan\AppData\Roaming\npm\node_modules\firebase-tools\lib\responseToError.js:38:12)
    at Request._callback (C:\Users\Nursultan\AppData\Roaming\npm\node_modules\firebase-tools\lib\api.js:41:35)
    at Request.self.callback (C:\Users\Nursultan\AppData\Roaming\npm\node_modules\firebase-tools\node_modules\request\request.js:185:22)
    at Request.emit (events.js:315:20)
    at Request.EventEmitter.emit (domain.js:482:12)
    at Request.<anonymous> (C:\Users\Nursultan\AppData\Roaming\npm\node_modules\firebase-tools\node_modules\request\request.js:1154:10)
    at Request.emit (events.js:315:20)
    at Request.EventEmitter.emit (domain.js:482:12)
    at IncomingMessage.<anonymous> (C:\Users\Nursultan\AppData\Roaming\npm\node_modules\firebase-tools\node_modules\request\request.js:1076:12)
    at Object.onceWrapper (events.js:421:28)
    at IncomingMessage.emit (events.js:327:22)
    at IncomingMessage.EventEmitter.emit (domain.js:482:12)
    at endReadableNT (_stream_readable.js:1221:12)
    at processTicksAndRejections (internal/process/task_queues.js:84:21)
[error] 
[error] Error: Failed to get Firebase project morning-442c1. Please make sure the project exists and your account has permission to access it.
